<?xml version="1.0" encoding="UTF-8"?>
<!-- Generated by org.testng.reporters.JUnitReportReporter -->
<testsuite hostname="Vidhi" failures="0" tests="6" name="testCases.TC003_LoginDDT" time="27.650" errors="0" timestamp="2026-02-25T15:10:14 EST" skipped="0">
  <testcase classname="testCases.TC003_LoginDDT" name="verify_LoginDDT" time="1.653"/>
  <testcase classname="testCases.TC003_LoginDDT" name="verify_LoginDDT" time="10.968"/>
  <testcase classname="testCases.TC003_LoginDDT" name="verify_LoginDDT" time="1.273"/>
  <testcase classname="testCases.TC003_LoginDDT" name="verify_LoginDDT" time="1.548"/>
  <testcase classname="testCases.TC003_LoginDDT" name="verify_LoginDDT" time="1.433"/>
  <testcase classname="testCases.TC003_LoginDDT" name="verify_LoginDDT" time="10.775"/>
</testsuite> <!-- testCases.TC003_LoginDDT -->
