<?xml version="1.0" encoding="UTF-8"?>
<!-- Generated by org.testng.reporters.JUnitReportReporter -->
<testsuite hostname="Vidhi" failures="0" tests="6" name="testCases.TC003_LoginDDT" time="27.880" errors="0" timestamp="2026-02-26T18:55:23 EST" skipped="0">
  <testcase classname="testCases.TC003_LoginDDT" name="verify_LoginDDT" time="2.091"/>
  <testcase classname="testCases.TC003_LoginDDT" name="verify_LoginDDT" time="10.819"/>
  <testcase classname="testCases.TC003_LoginDDT" name="verify_LoginDDT" time="1.472"/>
  <testcase classname="testCases.TC003_LoginDDT" name="verify_LoginDDT" time="1.424"/>
  <testcase classname="testCases.TC003_LoginDDT" name="verify_LoginDDT" time="10.661"/>
  <testcase classname="testCases.TC003_LoginDDT" name="verify_LoginDDT" time="1.413"/>
</testsuite> <!-- testCases.TC003_LoginDDT -->
